

                             _   _
                            (_) | |
      __ _   _ __   __   __  _  | |
     / _` | | '_ \  \ \ / / | | | |
    | (_| | | | | |  \ V /  | | | |
     \__,_| |_| |_|   \_/   |_| |_|

    1.4.3-stable (fa9f934bda 2025-10-22T05:33:20.255411000Z)
    https://github.com/foundry-rs/foundry

Available Accounts
==================

(0) 0xf39Fd6e51aad88F6F4ce6aB8827279cffFb92266 (10000.000000000000000000 ETH)
(1) 0x70997970C51812dc3A010C7d01b50e0d17dc79C8 (10000.000000000000000000 ETH)
(2) 0x3C44CdDdB6a900fa2b585dd299e03d12FA4293BC (10000.000000000000000000 ETH)
(3) 0x90F79bf6EB2c4f870365E785982E1f101E93b906 (10000.000000000000000000 ETH)
(4) 0x15d34AAf54267DB7D7c367839AAf71A00a2C6A65 (10000.000000000000000000 ETH)
(5) 0x9965507D1a55bcC2695C58ba16FB37d819B0A4dc (10000.000000000000000000 ETH)
(6) 0x976EA74026E726554dB657fA54763abd0C3a0aa9 (10000.000000000000000000 ETH)
(7) 0x14dC79964da2C08b23698B3D3cc7Ca32193d9955 (10000.000000000000000000 ETH)
(8) 0x23618e81E3f5cdF7f54C3d65f7FBc0aBf5B21E8f (10000.000000000000000000 ETH)
(9) 0xa0Ee7A142d267C1f36714E4a8F75612F20a79720 (10000.000000000000000000 ETH)

Private Keys
==================

(0) 0xac0974bec39a17e36ba4a6b4d238ff944bacb478cbed5efcae784d7bf4f2ff80
(1) 0x59c6995e998f97a5a0044966f0945389dc9e86dae88c7a8412f4603b6b78690d
(2) 0x5de4111afa1a4b94908f83103eb1f1706367c2e68ca870fc3fb9a804cdab365a
(3) 0x7c852118294e51e653712a81e05800f419141751be58f605c371e15141b007a6
(4) 0x47e179ec197488593b187f80a00eb0da91f1b9d0b13f8733639f19c30a34926a
(5) 0x8b3a350cf5c34c9194ca85829a2df0ec3153be0318b5e2d3348e872092edffba
(6) 0x92db14e403b83dfe3df233f83dfa3a0d7096f21ca9b0d6d6b8d88b2b4ec1564e
(7) 0x4bbbf85ce3377467afe5d46f804f221813b2bb87f24d81f60f1fcdbf7cbf4356
(8) 0xdbda1821b80551c9d65939329250298aa3472ba22feea921c0cf5d620ea67b97
(9) 0x2a871d0798f97d79848a013d4936a73bf4cc922c825d33c1cf7073dff6d409c6

Wallet
==================
Mnemonic:          test test test test test test test test test test test junk
Derivation path:   m/44'/60'/0'/0/


Chain ID
==================

31337

Base Fee
==================

0

Gas Limit
==================

30000000

Genesis Timestamp
==================

1762634425

Genesis Number
==================

0

Listening on 127.0.0.1:8545
eth_getTransactionCount
eth_getCode
eth_blockNumber
eth_gasPrice
eth_getBlockByNumber
eth_chainId
eth_blockNumber
eth_gasPrice
eth_chainId
eth_getBlockByNumber
eth_getBalance
eth_getTransactionCount
eth_getCode
eth_getBalance
eth_getTransactionCount
eth_getCode
eth_getCode
eth_getTransactionCount
eth_getBalance
eth_getCode
eth_getBalance
eth_getTransactionCount
eth_getTransactionCount
eth_getBalance
eth_getCode
eth_getTransactionCount
eth_getBalance
eth_getCode
eth_getTransactionCount
eth_getCode
eth_getBalance
eth_getTransactionCount
eth_getBalance
eth_getCode
eth_getTransactionCount
eth_getCode
eth_getBalance
eth_getTransactionCount
eth_getBalance
eth_getCode
eth_getTransactionCount
eth_getBalance
eth_getCode
eth_getTransactionCount
eth_getCode
eth_getBalance
eth_getTransactionCount
eth_getBalance
eth_getCode
eth_getTransactionCount
eth_getCode
eth_getBalance
eth_getTransactionCount
eth_getCode
eth_getBalance
eth_getTransactionCount
eth_getCode
eth_getBalance
eth_getTransactionCount
eth_getCode
eth_getBalance
eth_chainId
eth_chainId
eth_blockNumber
eth_gasPrice
eth_getBlockByNumber
eth_chainId
eth_chainId
eth_feeHistory
eth_getBlockByNumber
eth_feeHistory
eth_getBlockByNumber
eth_sendRawTransaction

    Transaction: 0xfdd07e0bfae0ecd0bc46705ae1d29347dd24dc9c1aad5ba6e423274afde9cb0b
    Contract created: 0x5FbDB2315678afecb367f032d93F642f64180aa3
    Gas used: 1103250

    Block Number: 1
    Block Hash: 0xa5afc76ea3d2bafe71fc797ac0a45b02967e56f6dd27fa6c16c740501d25214d
    Block Time: "Sat, 8 Nov 2025 20:40:27 +0000"

eth_sendRawTransaction
eth_sendRawTransaction
eth_sendRawTransaction
eth_sendRawTransaction
eth_sendRawTransaction
eth_sendRawTransaction

    Transaction: 0x44c19ad66f3cbcb9b90dd08bbcfe37a15fc66f52c817bf2134a9232959fa5a96
    Contract created: 0xe7f1725E7734CE288F8367e1Bb143E90bb3F0512
    Gas used: 1480857

    Transaction: 0x709e77387029ce91d21e3685135741617e199a788d757167244720781c79bce8
    Contract created: 0x9fE46736679d2D9a65F0992F2272dE9f3c7fa6e0
    Gas used: 2896632

    Block Number: 2
    Block Hash: 0x63a9658554d2ea3fd4d8f9b68602eacac32953ca19b90d59a6719399e332943e
    Block Time: "Sat, 8 Nov 2025 20:40:27 +0000"

eth_sendRawTransaction

    Transaction: 0x21f9613fc30a90416995d12a0f828d273ad043d2ae852f06028ccff67f0a461c
    Contract created: 0xCf7Ed3AccA5a467e9e704C703E8D87F634fB0Fc9
    Gas used: 3362705

    Transaction: 0xdae671a925d5965a133646fd8269e881ae8188d55711cac88e18af6bfb39949a
    Gas used: 3414728

    Block Number: 3
    Block Hash: 0xb50b0c1bd2c13c3c40ab9f33db9afd7accc19f6eea5cbdb312946b559950048f
    Block Time: "Sat, 8 Nov 2025 20:40:27 +0000"


    Transaction: 0x20c38de225f23ae81c6353acba17c7930dfd1e45a617b56c14d7672ee2a9cb2c
    Gas used: 48673

    Block Number: 4
    Block Hash: 0x1f847f2deb0ff2b4220b4dbc27ce51bd7c66a29fe6a92d6672871eaa395c2b29
    Block Time: "Sat, 8 Nov 2025 20:40:27 +0000"


    Transaction: 0x3e8577d6eff98091a3b47274ab5c744edb05807d3cc223bf3dba15cd4e8b4fa8
    Contract created: 0x0165878A594ca255338adfa4d48449f69242Eb8F
    Gas used: 2633316

    Transaction: 0x2b649524bd89e7b050fa8de88fe9df3be0874653a1ee4423159b886af6d7a7c4
    Gas used: 2704623

    Block Number: 5
    Block Hash: 0xdaf85e49a99f61da5f336b90dc5ea5081b4bfb606e2bb2abc1fcad78953a78b2
    Block Time: "Sat, 8 Nov 2025 20:40:27 +0000"

eth_sendRawTransaction
eth_sendRawTransaction
eth_sendRawTransaction
eth_sendRawTransaction
eth_sendRawTransaction
eth_sendRawTransaction
eth_sendRawTransaction

    Transaction: 0xd17b7438adf4a9c85f81f7476722ab13c5f9ff4e0abf050aa88eb066c18fe060
    Gas used: 71527

    Block Number: 6
    Block Hash: 0x7133c4801312e63e03256b971a126f79041afe2a12988cd709c7efeace13753d
    Block Time: "Sat, 8 Nov 2025 20:40:27 +0000"


    Transaction: 0xcab7f87318f3a6b5a70c5e61e010b92fc95387d0f89218f317c1a6353b3c42a2
    Gas used: 21000

    Transaction: 0x4afab26ccd1524ad941ae04377d7a64335ac2e031be6cbb46451c65adb30b01e
    Gas used: 42000

    Block Number: 7
    Block Hash: 0x2b3d9880533c0cb227932a7bb302e7986ab01f087054c80d71bcc6c762a5a82a
    Block Time: "Sat, 8 Nov 2025 20:40:27 +0000"


    Transaction: 0x7207b85e91f72f0442fdb5ec5a54719b18a885cd407f79968e13244607482360
    Gas used: 21000

    Transaction: 0x57358a23548d85973fc79ece68c72bcf9e10fadcf600a281f3d2b0f2656dfe54
    Gas used: 42000

    Transaction: 0x67ed35eaca97bd7fbe03617422519a6dbf5d5613fd7238d19b35b3a95f2ec918
    Gas used: 63000

    Transaction: 0xffe23b2771197f7bf9348b13ab7d4832902f416cc43c6dee7f086c894a987ea0
    Gas used: 117219

    Block Number: 8
    Block Hash: 0x51a6b50f4d97908a52df53940908cced943b4c80496a17a2c5a6c55ce9c8d8c1
    Block Time: "Sat, 8 Nov 2025 20:40:27 +0000"

eth_sendRawTransaction
eth_sendRawTransaction
eth_sendRawTransaction

    Transaction: 0x6b5199db48b32a20d53597b80b8c45adf31c6823d7b00e9669ad6d60cb67aac0
eth_sendRawTransaction
eth_sendRawTransaction
    Gas used: 54207

    Block Number: 9
    Block Hash: 0xf52e090d2cdab2fdb99d04d9bcfa38bef7331bae91ee38bfcb70a1e34e2fe46b
    Block Time: "Sat, 8 Nov 2025 20:40:27 +0000"

eth_sendRawTransaction
eth_sendRawTransaction

    Transaction: 0x7e8b5a97ddc93d53dc26207882808b645e87db5f370fadabebf6ed1e699d6be7
    Gas used: 54207

    Block Number: 10
    Block Hash: 0x8902f0b4ddb183712ece896637ed9d4361e92fbbeb3afea4a119b365ef90d757
    Block Time: "Sat, 8 Nov 2025 20:40:27 +0000"


    Transaction: 0x78178d6ccf65f580f02e5de0349d8dec3d4e1804dfcfa960c8452e79e659b587
    Gas used: 54207

    Transaction: 0xa083b2346c474978ea317df2c98c0a959044b5f99dd71ee01bc6ae86d393c24c
    Gas used: 75207

    Transaction: 0x52d1f48d120d0be32fc348328c2e517017b70518a7d2f712f77bb1b4725de94d
    Gas used: 129414

    Block Number: 11
    Block Hash: 0xabf6d223a84381c5d0712b9750aafe576856262b91a6bf56757028719f6cfa12
    Block Time: "Sat, 8 Nov 2025 20:40:27 +0000"


    Transaction: 0x06c8965b447d5628b722c215aae7fab8c4a523cc8d1bc87eea15aec169447b1c
    Gas used: 139823

    Transaction: 0x861b1b121298e351df44d1a7a45dfbe369f13d0a36a8811d962cac15e9cc1f46
    Gas used: 265346

    Block Number: 12
    Block Hash: 0x0bf057ca1a1c1ed5e8a55245b13da1aeeebbe0da312b9955b6b1639c98f63bd9
    Block Time: "Sat, 8 Nov 2025 20:40:27 +0000"

eth_sendRawTransaction

    Transaction: 0x8bb8dd1c9a472ebf7898e7c5a5d792b173b3e77b6eaf8bde66c90926704085a1
    Gas used: 22625

    Block Number: 13
    Block Hash: 0x517abad8200340ca2e503128bd81b8d04f2e93f774d1cf4bb095ba0ad7c80257
    Block Time: "Sat, 8 Nov 2025 20:40:27 +0000"

eth_sendRawTransaction

    Transaction: 0x73906d93eff76d6a00d7467d637674845b38b901dc83fd354708c65e3ec2d93f
    Gas used: 65053

    Block Number: 14
    Block Hash: 0xf6660f6bd3aae922d38dfc8e03e157b1a0d2e668dd211a176996fb8cc8218d13
    Block Time: "Sat, 8 Nov 2025 20:40:27 +0000"

eth_getTransactionReceipt
eth_getTransactionReceipt
eth_getTransactionReceipt
eth_getTransactionReceipt
eth_getTransactionReceipt
eth_getTransactionReceipt
eth_getTransactionReceipt
eth_getTransactionReceipt
eth_getTransactionReceipt
eth_getTransactionReceipt
eth_getTransactionReceipt
eth_getTransactionReceipt
eth_getTransactionReceipt
eth_getTransactionReceipt
eth_getTransactionReceipt
eth_getTransactionReceipt
eth_getTransactionReceipt
eth_getTransactionReceipt
eth_getTransactionReceipt
eth_getTransactionReceipt
eth_getTransactionReceipt
eth_getTransactionReceipt
eth_getTransactionReceipt
eth_getTransactionReceipt
eth_getTransactionReceipt
eth_getTransactionReceipt
eth_getTransactionReceipt
eth_getTransactionReceipt
eth_getTransactionReceipt
eth_getTransactionReceipt
eth_getTransactionReceipt
eth_getTransactionReceipt
eth_getTransactionReceipt
eth_getTransactionReceipt
eth_getTransactionReceipt
eth_getTransactionReceipt
eth_getTransactionReceipt
eth_getTransactionReceipt
eth_getTransactionReceipt
eth_getTransactionReceipt
eth_getTransactionReceipt
eth_getTransactionReceipt
eth_getTransactionReceipt
eth_getTransactionReceipt
eth_getTransactionReceipt
eth_getTransactionReceipt
eth_getTransactionReceipt
eth_getTransactionReceipt
eth_call
eth_call
eth_call
eth_call
eth_call
eth_call
eth_call
eth_call
eth_call
eth_getBalance
eth_call
eth_call
eth_call
eth_getBalance
eth_call
eth_call
eth_call
eth_call
eth_getBalance
eth_call
eth_call
eth_call
eth_call
eth_call
eth_call
eth_call
eth_call
eth_call
eth_call
eth_call
eth_getBlockByNumber
eth_networkId
eth_blockNumber
eth_getCode
eth_getCode
eth_getBlockByNumber
eth_estimateGas
eth_gasPrice
eth_getBalance
eth_call

RPC request failed:
    Request: EthCall(WithOtherFields { inner: TransactionRequest { from: None, to: Some(Call(0x5fbdb2315678afecb367f032d93f642f64180aa3)), gas_price: None, max_fee_per_gas: None, max_priority_fee_per_gas: None, max_fee_per_blob_gas: None, gas: None, value: None, input: TransactionInput { input: None, data: Some(0x01ffc9a780ac58cd00000000000000000000000000000000000000000000000000000000) }, nonce: None, chain_id: None, access_list: None, transaction_type: None, blob_versioned_hashes: None, sidecar: None, authorization_list: None }, other: OtherFields {} }, Some(0xe), None, None)
    Error: Execution error: execution reverted

eth_call

RPC request failed:
    Request: EthCall(WithOtherFields { inner: TransactionRequest { from: None, to: Some(Call(0x5fbdb2315678afecb367f032d93f642f64180aa3)), gas_price: None, max_fee_per_gas: None, max_priority_fee_per_gas: None, max_fee_per_blob_gas: None, gas: None, value: None, input: TransactionInput { input: None, data: Some(0x01ffc9a7d9b67a2600000000000000000000000000000000000000000000000000000000) }, nonce: None, chain_id: None, access_list: None, transaction_type: None, blob_versioned_hashes: None, sidecar: None, authorization_list: None }, other: OtherFields {} }, Some(0xe), None, None)
    Error: Execution error: execution reverted

eth_call
eth_call
eth_blockNumber
eth_blockNumber
eth_getBalance
eth_getBalance
eth_getBalance
eth_getBalance
eth_getBalance
eth_getBalance
eth_getBalance
eth_getBalance
eth_getBalance
eth_getBalance
eth_getBalance
eth_networkId
eth_call

RPC request failed:
    Request: EthCall(WithOtherFields { inner: TransactionRequest { from: None, to: Some(Call(0x5fbdb2315678afecb367f032d93f642f64180aa3)), gas_price: None, max_fee_per_gas: None, max_priority_fee_per_gas: None, max_fee_per_blob_gas: None, gas: None, value: None, input: TransactionInput { input: None, data: Some(0x01ffc9a780ac58cd00000000000000000000000000000000000000000000000000000000) }, nonce: None, chain_id: None, access_list: None, transaction_type: None, blob_versioned_hashes: None, sidecar: None, authorization_list: None }, other: OtherFields {} }, Some(0xe), None, None)
    Error: Execution error: execution reverted

eth_call

RPC request failed:
    Request: EthCall(WithOtherFields { inner: TransactionRequest { from: None, to: Some(Call(0x5fbdb2315678afecb367f032d93f642f64180aa3)), gas_price: None, max_fee_per_gas: None, max_priority_fee_per_gas: None, max_fee_per_blob_gas: None, gas: None, value: None, input: TransactionInput { input: None, data: Some(0x01ffc9a7d9b67a2600000000000000000000000000000000000000000000000000000000) }, nonce: None, chain_id: None, access_list: None, transaction_type: None, blob_versioned_hashes: None, sidecar: None, authorization_list: None }, other: OtherFields {} }, Some(0xe), None, None)
    Error: Execution error: execution reverted

eth_call

RPC request failed:
    Request: EthCall(WithOtherFields { inner: TransactionRequest { from: None, to: Some(Call(0x5fbdb2315678afecb367f032d93f642f64180aa3)), gas_price: None, max_fee_per_gas: None, max_priority_fee_per_gas: None, max_fee_per_blob_gas: None, gas: None, value: None, input: TransactionInput { input: None, data: Some(0x01ffc9a780ac58cd00000000000000000000000000000000000000000000000000000000) }, nonce: None, chain_id: None, access_list: None, transaction_type: None, blob_versioned_hashes: None, sidecar: None, authorization_list: None }, other: OtherFields {} }, Some(0xe), None, None)
    Error: Execution error: execution reverted

eth_call
eth_call

RPC request failed:
    Request: EthCall(WithOtherFields { inner: TransactionRequest { from: None, to: Some(Call(0x5fbdb2315678afecb367f032d93f642f64180aa3)), gas_price: None, max_fee_per_gas: None, max_priority_fee_per_gas: None, max_fee_per_blob_gas: None, gas: None, value: None, input: TransactionInput { input: None, data: Some(0x01ffc9a7d9b67a2600000000000000000000000000000000000000000000000000000000) }, nonce: None, chain_id: None, access_list: None, transaction_type: None, blob_versioned_hashes: None, sidecar: None, authorization_list: None }, other: OtherFields {} }, Some(0xe), None, None)
    Error: Execution error: execution reverted

eth_call

RPC request failed:
    Request: EthCall(WithOtherFields { inner: TransactionRequest { from: None, to: Some(Call(0x5fbdb2315678afecb367f032d93f642f64180aa3)), gas_price: None, max_fee_per_gas: None, max_priority_fee_per_gas: None, max_fee_per_blob_gas: None, gas: None, value: None, input: TransactionInput { input: None, data: Some(0x01ffc9a780ac58cd00000000000000000000000000000000000000000000000000000000) }, nonce: None, chain_id: None, access_list: None, transaction_type: None, blob_versioned_hashes: None, sidecar: None, authorization_list: None }, other: OtherFields {} }, Some(0xe), None, None)
    Error: Execution error: execution reverted

eth_call

RPC request failed:
    Request: EthCall(WithOtherFields { inner: TransactionRequest { from: None, to: Some(Call(0x5fbdb2315678afecb367f032d93f642f64180aa3)), gas_price: None, max_fee_per_gas: None, max_priority_fee_per_gas: None, max_fee_per_blob_gas: None, gas: None, value: None, input: TransactionInput { input: None, data: Some(0x01ffc9a7d9b67a2600000000000000000000000000000000000000000000000000000000) }, nonce: None, chain_id: None, access_list: None, transaction_type: None, blob_versioned_hashes: None, sidecar: None, authorization_list: None }, other: OtherFields {} }, Some(0xe), None, None)
    Error: Execution error: execution reverted

eth_call

RPC request failed:
    Request: EthCall(WithOtherFields { inner: TransactionRequest { from: None, to: Some(Call(0x5fbdb2315678afecb367f032d93f642f64180aa3)), gas_price: None, max_fee_per_gas: None, max_priority_fee_per_gas: None, max_fee_per_blob_gas: None, gas: None, value: None, input: TransactionInput { input: None, data: Some(0x01ffc9a780ac58cd00000000000000000000000000000000000000000000000000000000) }, nonce: None, chain_id: None, access_list: None, transaction_type: None, blob_versioned_hashes: None, sidecar: None, authorization_list: None }, other: OtherFields {} }, Some(0xe), None, None)
    Error: Execution error: execution reverted

eth_blockNumber
eth_call

RPC request failed:
    Request: EthCall(WithOtherFields { inner: TransactionRequest { from: None, to: Some(Call(0x5fbdb2315678afecb367f032d93f642f64180aa3)), gas_price: None, max_fee_per_gas: None, max_priority_fee_per_gas: None, max_fee_per_blob_gas: None, gas: None, value: None, input: TransactionInput { input: None, data: Some(0x01ffc9a7d9b67a2600000000000000000000000000000000000000000000000000000000) }, nonce: None, chain_id: None, access_list: None, transaction_type: None, blob_versioned_hashes: None, sidecar: None, authorization_list: None }, other: OtherFields {} }, Some(0xe), None, None)
    Error: Execution error: execution reverted

eth_call

RPC request failed:
    Request: EthCall(WithOtherFields { inner: TransactionRequest { from: None, to: Some(Call(0x5fbdb2315678afecb367f032d93f642f64180aa3)), gas_price: None, max_fee_per_gas: None, max_priority_fee_per_gas: None, max_fee_per_blob_gas: None, gas: None, value: None, input: TransactionInput { input: None, data: Some(0x01ffc9a780ac58cd00000000000000000000000000000000000000000000000000000000) }, nonce: None, chain_id: None, access_list: None, transaction_type: None, blob_versioned_hashes: None, sidecar: None, authorization_list: None }, other: OtherFields {} }, Some(0xe), None, None)
    Error: Execution error: execution reverted

eth_call

RPC request failed:
    Request: EthCall(WithOtherFields { inner: TransactionRequest { from: None, to: Some(Call(0x5fbdb2315678afecb367f032d93f642f64180aa3)), gas_price: None, max_fee_per_gas: None, max_priority_fee_per_gas: None, max_fee_per_blob_gas: None, gas: None, value: None, input: TransactionInput { input: None, data: Some(0x01ffc9a7d9b67a2600000000000000000000000000000000000000000000000000000000) }, nonce: None, chain_id: None, access_list: None, transaction_type: None, blob_versioned_hashes: None, sidecar: None, authorization_list: None }, other: OtherFields {} }, Some(0xe), None, None)
    Error: Execution error: execution reverted

eth_call

RPC request failed:
    Request: EthCall(WithOtherFields { inner: TransactionRequest { from: None, to: Some(Call(0x5fbdb2315678afecb367f032d93f642f64180aa3)), gas_price: None, max_fee_per_gas: None, max_priority_fee_per_gas: None, max_fee_per_blob_gas: None, gas: None, value: None, input: TransactionInput { input: None, data: Some(0x01ffc9a780ac58cd00000000000000000000000000000000000000000000000000000000) }, nonce: None, chain_id: None, access_list: None, transaction_type: None, blob_versioned_hashes: None, sidecar: None, authorization_list: None }, other: OtherFields {} }, Some(0xe), None, None)
    Error: Execution error: execution reverted

eth_call

RPC request failed:
    Request: EthCall(WithOtherFields { inner: TransactionRequest { from: None, to: Some(Call(0x5fbdb2315678afecb367f032d93f642f64180aa3)), gas_price: None, max_fee_per_gas: None, max_priority_fee_per_gas: None, max_fee_per_blob_gas: None, gas: None, value: None, input: TransactionInput { input: None, data: Some(0x01ffc9a7d9b67a2600000000000000000000000000000000000000000000000000000000) }, nonce: None, chain_id: None, access_list: None, transaction_type: None, blob_versioned_hashes: None, sidecar: None, authorization_list: None }, other: OtherFields {} }, Some(0xe), None, None)
    Error: Execution error: execution reverted

eth_call

RPC request failed:
    Request: EthCall(WithOtherFields { inner: TransactionRequest { from: None, to: Some(Call(0x5fbdb2315678afecb367f032d93f642f64180aa3)), gas_price: None, max_fee_per_gas: None, max_priority_fee_per_gas: None, max_fee_per_blob_gas: None, gas: None, value: None, input: TransactionInput { input: None, data: Some(0x01ffc9a780ac58cd00000000000000000000000000000000000000000000000000000000) }, nonce: None, chain_id: None, access_list: None, transaction_type: None, blob_versioned_hashes: None, sidecar: None, authorization_list: None }, other: OtherFields {} }, Some(0xe), None, None)
    Error: Execution error: execution reverted

eth_call

RPC request failed:
    Request: EthCall(WithOtherFields { inner: TransactionRequest { from: None, to: Some(Call(0xcf7ed3acca5a467e9e704c703e8d87f634fb0fc9)), gas_price: None, max_fee_per_gas: None, max_priority_fee_per_gas: None, max_fee_per_blob_gas: None, gas: None, value: None, input: TransactionInput { input: None, data: Some(0x01ffc9a780ac58cd00000000000000000000000000000000000000000000000000000000) }, nonce: None, chain_id: None, access_list: None, transaction_type: None, blob_versioned_hashes: None, sidecar: None, authorization_list: None }, other: OtherFields {} }, Some(0xe), None, None)
    Error: Execution error: execution reverted

eth_call

RPC request failed:
    Request: EthCall(WithOtherFields { inner: TransactionRequest { from: None, to: Some(Call(0x5fbdb2315678afecb367f032d93f642f64180aa3)), gas_price: None, max_fee_per_gas: None, max_priority_fee_per_gas: None, max_fee_per_blob_gas: None, gas: None, value: None, input: TransactionInput { input: None, data: Some(0x01ffc9a7d9b67a2600000000000000000000000000000000000000000000000000000000) }, nonce: None, chain_id: None, access_list: None, transaction_type: None, blob_versioned_hashes: None, sidecar: None, authorization_list: None }, other: OtherFields {} }, Some(0xe), None, None)
    Error: Execution error: execution reverted

eth_call

RPC request failed:
    Request: EthCall(WithOtherFields { inner: TransactionRequest { from: None, to: Some(Call(0xcf7ed3acca5a467e9e704c703e8d87f634fb0fc9)), gas_price: None, max_fee_per_gas: None, max_priority_fee_per_gas: None, max_fee_per_blob_gas: None, gas: None, value: None, input: TransactionInput { input: None, data: Some(0x01ffc9a7d9b67a2600000000000000000000000000000000000000000000000000000000) }, nonce: None, chain_id: None, access_list: None, transaction_type: None, blob_versioned_hashes: None, sidecar: None, authorization_list: None }, other: OtherFields {} }, Some(0xe), None, None)
    Error: Execution error: execution reverted

eth_call

RPC request failed:
    Request: EthCall(WithOtherFields { inner: TransactionRequest { from: None, to: Some(Call(0xcf7ed3acca5a467e9e704c703e8d87f634fb0fc9)), gas_price: None, max_fee_per_gas: None, max_priority_fee_per_gas: None, max_fee_per_blob_gas: None, gas: None, value: None, input: TransactionInput { input: None, data: Some(0x01ffc9a780ac58cd00000000000000000000000000000000000000000000000000000000) }, nonce: None, chain_id: None, access_list: None, transaction_type: None, blob_versioned_hashes: None, sidecar: None, authorization_list: None }, other: OtherFields {} }, Some(0xe), None, None)
    Error: Execution error: execution reverted

eth_call

RPC request failed:
    Request: EthCall(WithOtherFields { inner: TransactionRequest { from: None, to: Some(Call(0x5fbdb2315678afecb367f032d93f642f64180aa3)), gas_price: None, max_fee_per_gas: None, max_priority_fee_per_gas: None, max_fee_per_blob_gas: None, gas: None, value: None, input: TransactionInput { input: None, data: Some(0x01ffc9a780ac58cd00000000000000000000000000000000000000000000000000000000) }, nonce: None, chain_id: None, access_list: None, transaction_type: None, blob_versioned_hashes: None, sidecar: None, authorization_list: None }, other: OtherFields {} }, Some(0xe), None, None)
    Error: Execution error: execution reverted

eth_call
eth_call
eth_call

RPC request failed:
    Request: EthCall(WithOtherFields { inner: TransactionRequest { from: None, to: Some(Call(0xcf7ed3acca5a467e9e704c703e8d87f634fb0fc9)), gas_price: None, max_fee_per_gas: None, max_priority_fee_per_gas: None, max_fee_per_blob_gas: None, gas: None, value: None, input: TransactionInput { input: None, data: Some(0x01ffc9a7d9b67a2600000000000000000000000000000000000000000000000000000000) }, nonce: None, chain_id: None, access_list: None, transaction_type: None, blob_versioned_hashes: None, sidecar: None, authorization_list: None }, other: OtherFields {} }, Some(0xe), None, None)
    Error: Execution error: execution reverted

eth_call

RPC request failed:
    Request: EthCall(WithOtherFields { inner: TransactionRequest { from: None, to: Some(Call(0x5fbdb2315678afecb367f032d93f642f64180aa3)), gas_price: None, max_fee_per_gas: None, max_priority_fee_per_gas: None, max_fee_per_blob_gas: None, gas: None, value: None, input: TransactionInput { input: None, data: Some(0x01ffc9a7d9b67a2600000000000000000000000000000000000000000000000000000000) }, nonce: None, chain_id: None, access_list: None, transaction_type: None, blob_versioned_hashes: None, sidecar: None, authorization_list: None }, other: OtherFields {} }, Some(0xe), None, None)
    Error: Execution error: execution reverted

eth_call

RPC request failed:
    Request: EthCall(WithOtherFields { inner: TransactionRequest { from: None, to: Some(Call(0x5fbdb2315678afecb367f032d93f642f64180aa3)), gas_price: None, max_fee_per_gas: None, max_priority_fee_per_gas: None, max_fee_per_blob_gas: None, gas: None, value: None, input: TransactionInput { input: None, data: Some(0x01ffc9a780ac58cd00000000000000000000000000000000000000000000000000000000) }, nonce: None, chain_id: None, access_list: None, transaction_type: None, blob_versioned_hashes: None, sidecar: None, authorization_list: None }, other: OtherFields {} }, Some(0xe), None, None)
    Error: Execution error: execution reverted

eth_call

RPC request failed:
    Request: EthCall(WithOtherFields { inner: TransactionRequest { from: None, to: Some(Call(0x5fbdb2315678afecb367f032d93f642f64180aa3)), gas_price: None, max_fee_per_gas: None, max_priority_fee_per_gas: None, max_fee_per_blob_gas: None, gas: None, value: None, input: TransactionInput { input: None, data: Some(0x01ffc9a780ac58cd00000000000000000000000000000000000000000000000000000000) }, nonce: None, chain_id: None, access_list: None, transaction_type: None, blob_versioned_hashes: None, sidecar: None, authorization_list: None }, other: OtherFields {} }, Some(0xe), None, None)
    Error: Execution error: execution reverted

eth_call

RPC request failed:
    Request: EthCall(WithOtherFields { inner: TransactionRequest { from: None, to: Some(Call(0x5fbdb2315678afecb367f032d93f642f64180aa3)), gas_price: None, max_fee_per_gas: None, max_priority_fee_per_gas: None, max_fee_per_blob_gas: None, gas: None, value: None, input: TransactionInput { input: None, data: Some(0x01ffc9a7d9b67a2600000000000000000000000000000000000000000000000000000000) }, nonce: None, chain_id: None, access_list: None, transaction_type: None, blob_versioned_hashes: None, sidecar: None, authorization_list: None }, other: OtherFields {} }, Some(0xe), None, None)
    Error: Execution error: execution reverted

eth_call

RPC request failed:
    Request: EthCall(WithOtherFields { inner: TransactionRequest { from: None, to: Some(Call(0x5fbdb2315678afecb367f032d93f642f64180aa3)), gas_price: None, max_fee_per_gas: None, max_priority_fee_per_gas: None, max_fee_per_blob_gas: None, gas: None, value: None, input: TransactionInput { input: None, data: Some(0x01ffc9a7d9b67a2600000000000000000000000000000000000000000000000000000000) }, nonce: None, chain_id: None, access_list: None, transaction_type: None, blob_versioned_hashes: None, sidecar: None, authorization_list: None }, other: OtherFields {} }, Some(0xe), None, None)
    Error: Execution error: execution reverted

eth_call

RPC request failed:
    Request: EthCall(WithOtherFields { inner: TransactionRequest { from: None, to: Some(Call(0x5fbdb2315678afecb367f032d93f642f64180aa3)), gas_price: None, max_fee_per_gas: None, max_priority_fee_per_gas: None, max_fee_per_blob_gas: None, gas: None, value: None, input: TransactionInput { input: None, data: Some(0x01ffc9a780ac58cd00000000000000000000000000000000000000000000000000000000) }, nonce: None, chain_id: None, access_list: None, transaction_type: None, blob_versioned_hashes: None, sidecar: None, authorization_list: None }, other: OtherFields {} }, Some(0xe), None, None)
    Error: Execution error: execution reverted

eth_call

RPC request failed:
    Request: EthCall(WithOtherFields { inner: TransactionRequest { from: None, to: Some(Call(0x5fbdb2315678afecb367f032d93f642f64180aa3)), gas_price: None, max_fee_per_gas: None, max_priority_fee_per_gas: None, max_fee_per_blob_gas: None, gas: None, value: None, input: TransactionInput { input: None, data: Some(0x01ffc9a7d9b67a2600000000000000000000000000000000000000000000000000000000) }, nonce: None, chain_id: None, access_list: None, transaction_type: None, blob_versioned_hashes: None, sidecar: None, authorization_list: None }, other: OtherFields {} }, Some(0xe), None, None)
    Error: Execution error: execution reverted

eth_accounts
eth_getBalance
eth_getBalance
eth_getBalance
eth_getBalance
eth_getBlockByNumber
eth_getBalance
eth_networkId
eth_getBalance
eth_getBalance
eth_getBalance
eth_getBalance
eth_getBalance
eth_getBalance
eth_getBalance
eth_getTransactionCount
eth_sendRawTransaction

    Transaction: 0x45da381d03aa509980393f56506408f6b0197489fb83a9fd2ec87d43f643ae60
    Gas used: 46940

    Block Number: 15
    Block Hash: 0xc622fd4c6c05140d48da80df2a05c189b1cab5c0abc6741c4e26a934ac8d86ca
    Block Time: "Sat, 8 Nov 2025 20:40:54 +0000"

eth_getCode
eth_call

RPC request failed:
    Request: EthCall(WithOtherFields { inner: TransactionRequest { from: None, to: Some(Call(0x5fbdb2315678afecb367f032d93f642f64180aa3)), gas_price: None, max_fee_per_gas: None, max_priority_fee_per_gas: None, max_fee_per_blob_gas: None, gas: None, value: None, input: TransactionInput { input: None, data: Some(0x01ffc9a780ac58cd00000000000000000000000000000000000000000000000000000000) }, nonce: None, chain_id: None, access_list: None, transaction_type: None, blob_versioned_hashes: None, sidecar: None, authorization_list: None }, other: OtherFields {} }, Some(0xe), None, None)
    Error: Execution error: execution reverted

eth_getTransactionReceipt
eth_estimateGas
eth_call

RPC request failed:
    Request: EthCall(WithOtherFields { inner: TransactionRequest { from: None, to: Some(Call(0x5fbdb2315678afecb367f032d93f642f64180aa3)), gas_price: None, max_fee_per_gas: None, max_priority_fee_per_gas: None, max_fee_per_blob_gas: None, gas: None, value: None, input: TransactionInput { input: None, data: Some(0x01ffc9a7d9b67a2600000000000000000000000000000000000000000000000000000000) }, nonce: None, chain_id: None, access_list: None, transaction_type: None, blob_versioned_hashes: None, sidecar: None, authorization_list: None }, other: OtherFields {} }, Some(0xe), None, None)
    Error: Execution error: execution reverted

eth_call

RPC request failed:
    Request: EthCall(WithOtherFields { inner: TransactionRequest { from: None, to: Some(Call(0xcf7ed3acca5a467e9e704c703e8d87f634fb0fc9)), gas_price: None, max_fee_per_gas: None, max_priority_fee_per_gas: None, max_fee_per_blob_gas: None, gas: None, value: None, input: TransactionInput { input: None, data: Some(0x01ffc9a780ac58cd00000000000000000000000000000000000000000000000000000000) }, nonce: None, chain_id: None, access_list: None, transaction_type: None, blob_versioned_hashes: None, sidecar: None, authorization_list: None }, other: OtherFields {} }, Some(0xe), None, None)
    Error: Execution error: execution reverted

eth_call

RPC request failed:
    Request: EthCall(WithOtherFields { inner: TransactionRequest { from: None, to: Some(Call(0xcf7ed3acca5a467e9e704c703e8d87f634fb0fc9)), gas_price: None, max_fee_per_gas: None, max_priority_fee_per_gas: None, max_fee_per_blob_gas: None, gas: None, value: None, input: TransactionInput { input: None, data: Some(0x01ffc9a7d9b67a2600000000000000000000000000000000000000000000000000000000) }, nonce: None, chain_id: None, access_list: None, transaction_type: None, blob_versioned_hashes: None, sidecar: None, authorization_list: None }, other: OtherFields {} }, Some(0xe), None, None)
    Error: Execution error: execution reverted

eth_blockNumber
eth_getBalance
eth_blockNumber
eth_getBalance
eth_getBalance
eth_getBalance
eth_getBalance
eth_getBalance
eth_getBalance
eth_getBalance
eth_getBalance
eth_getBalance
eth_getBalance
eth_getBalance
eth_getBlockByNumber
eth_call

RPC request failed:
    Request: EthCall(WithOtherFields { inner: TransactionRequest { from: None, to: Some(Call(0xcf7ed3acca5a467e9e704c703e8d87f634fb0fc9)), gas_price: None, max_fee_per_gas: None, max_priority_fee_per_gas: None, max_fee_per_blob_gas: None, gas: None, value: None, input: TransactionInput { input: None, data: Some(0x01ffc9a780ac58cd00000000000000000000000000000000000000000000000000000000) }, nonce: None, chain_id: None, access_list: None, transaction_type: None, blob_versioned_hashes: None, sidecar: None, authorization_list: None }, other: OtherFields {} }, Some(0xf), None, None)
    Error: Execution error: execution reverted

eth_call

RPC request failed:
    Request: EthCall(WithOtherFields { inner: TransactionRequest { from: None, to: Some(Call(0xcf7ed3acca5a467e9e704c703e8d87f634fb0fc9)), gas_price: None, max_fee_per_gas: None, max_priority_fee_per_gas: None, max_fee_per_blob_gas: None, gas: None, value: None, input: TransactionInput { input: None, data: Some(0x01ffc9a7d9b67a2600000000000000000000000000000000000000000000000000000000) }, nonce: None, chain_id: None, access_list: None, transaction_type: None, blob_versioned_hashes: None, sidecar: None, authorization_list: None }, other: OtherFields {} }, Some(0xf), None, None)
    Error: Execution error: execution reverted

eth_call
eth_call
eth_call
eth_call

RPC request failed:
    Request: EthCall(WithOtherFields { inner: TransactionRequest { from: None, to: Some(Call(0xcf7ed3acca5a467e9e704c703e8d87f634fb0fc9)), gas_price: None, max_fee_per_gas: None, max_priority_fee_per_gas: None, max_fee_per_blob_gas: None, gas: None, value: None, input: TransactionInput { input: None, data: Some(0x01ffc9a780ac58cd00000000000000000000000000000000000000000000000000000000) }, nonce: None, chain_id: None, access_list: None, transaction_type: None, blob_versioned_hashes: None, sidecar: None, authorization_list: None }, other: OtherFields {} }, Some(0xf), None, None)
    Error: Execution error: execution reverted

eth_call

RPC request failed:
    Request: EthCall(WithOtherFields { inner: TransactionRequest { from: None, to: Some(Call(0xcf7ed3acca5a467e9e704c703e8d87f634fb0fc9)), gas_price: None, max_fee_per_gas: None, max_priority_fee_per_gas: None, max_fee_per_blob_gas: None, gas: None, value: None, input: TransactionInput { input: None, data: Some(0x01ffc9a7d9b67a2600000000000000000000000000000000000000000000000000000000) }, nonce: None, chain_id: None, access_list: None, transaction_type: None, blob_versioned_hashes: None, sidecar: None, authorization_list: None }, other: OtherFields {} }, Some(0xf), None, None)
    Error: Execution error: execution reverted

eth_call

RPC request failed:
    Request: EthCall(WithOtherFields { inner: TransactionRequest { from: None, to: Some(Call(0xcf7ed3acca5a467e9e704c703e8d87f634fb0fc9)), gas_price: None, max_fee_per_gas: None, max_priority_fee_per_gas: None, max_fee_per_blob_gas: None, gas: None, value: None, input: TransactionInput { input: None, data: Some(0x01ffc9a780ac58cd00000000000000000000000000000000000000000000000000000000) }, nonce: None, chain_id: None, access_list: None, transaction_type: None, blob_versioned_hashes: None, sidecar: None, authorization_list: None }, other: OtherFields {} }, Some(0xf), None, None)
    Error: Execution error: execution reverted

eth_call

RPC request failed:
    Request: EthCall(WithOtherFields { inner: TransactionRequest { from: None, to: Some(Call(0xcf7ed3acca5a467e9e704c703e8d87f634fb0fc9)), gas_price: None, max_fee_per_gas: None, max_priority_fee_per_gas: None, max_fee_per_blob_gas: None, gas: None, value: None, input: TransactionInput { input: None, data: Some(0x01ffc9a7d9b67a2600000000000000000000000000000000000000000000000000000000) }, nonce: None, chain_id: None, access_list: None, transaction_type: None, blob_versioned_hashes: None, sidecar: None, authorization_list: None }, other: OtherFields {} }, Some(0xf), None, None)
    Error: Execution error: execution reverted

eth_call

RPC request failed:
    Request: EthCall(WithOtherFields { inner: TransactionRequest { from: None, to: Some(Call(0xcf7ed3acca5a467e9e704c703e8d87f634fb0fc9)), gas_price: None, max_fee_per_gas: None, max_priority_fee_per_gas: None, max_fee_per_blob_gas: None, gas: None, value: None, input: TransactionInput { input: None, data: Some(0x01ffc9a780ac58cd00000000000000000000000000000000000000000000000000000000) }, nonce: None, chain_id: None, access_list: None, transaction_type: None, blob_versioned_hashes: None, sidecar: None, authorization_list: None }, other: OtherFields {} }, Some(0xf), None, None)
    Error: Execution error: execution reverted

eth_call

RPC request failed:
    Request: EthCall(WithOtherFields { inner: TransactionRequest { from: None, to: Some(Call(0xcf7ed3acca5a467e9e704c703e8d87f634fb0fc9)), gas_price: None, max_fee_per_gas: None, max_priority_fee_per_gas: None, max_fee_per_blob_gas: None, gas: None, value: None, input: TransactionInput { input: None, data: Some(0x01ffc9a7d9b67a2600000000000000000000000000000000000000000000000000000000) }, nonce: None, chain_id: None, access_list: None, transaction_type: None, blob_versioned_hashes: None, sidecar: None, authorization_list: None }, other: OtherFields {} }, Some(0xf), None, None)
    Error: Execution error: execution reverted

eth_gasPrice
eth_getCode
eth_blockNumber
eth_getTransactionCount
eth_sendRawTransaction

    Transaction: 0x9e15281833e8eb2f61896176eab0a364cda451ff48e8be3ab07dc32ddd712335
    Gas used: 139512

    Block Number: 16
    Block Hash: 0xdfedfb0606a689b6b30bafa747b894c4a61f1972cc82a2e05d8abd63e01a15ca
    Block Time: "Sat, 8 Nov 2025 20:40:56 +0000"

eth_call

RPC request failed:
    Request: EthCall(WithOtherFields { inner: TransactionRequest { from: None, to: Some(Call(0xcf7ed3acca5a467e9e704c703e8d87f634fb0fc9)), gas_price: None, max_fee_per_gas: None, max_priority_fee_per_gas: None, max_fee_per_blob_gas: None, gas: None, value: None, input: TransactionInput { input: None, data: Some(0x01ffc9a780ac58cd00000000000000000000000000000000000000000000000000000000) }, nonce: None, chain_id: None, access_list: None, transaction_type: None, blob_versioned_hashes: None, sidecar: None, authorization_list: None }, other: OtherFields {} }, Some(0xf), None, None)
    Error: Execution error: execution reverted

eth_getTransactionReceipt
eth_call

RPC request failed:
    Request: EthCall(WithOtherFields { inner: TransactionRequest { from: None, to: Some(Call(0xcf7ed3acca5a467e9e704c703e8d87f634fb0fc9)), gas_price: None, max_fee_per_gas: None, max_priority_fee_per_gas: None, max_fee_per_blob_gas: None, gas: None, value: None, input: TransactionInput { input: None, data: Some(0x01ffc9a7d9b67a2600000000000000000000000000000000000000000000000000000000) }, nonce: None, chain_id: None, access_list: None, transaction_type: None, blob_versioned_hashes: None, sidecar: None, authorization_list: None }, other: OtherFields {} }, Some(0xf), None, None)
    Error: Execution error: execution reverted

eth_blockNumber
eth_getBalance
eth_blockNumber
eth_getBalance
eth_getBalance
eth_getBalance
eth_getBalance
eth_getBalance
eth_getBalance
eth_getBalance
eth_getBalance
eth_getBalance
eth_getBalance
eth_getBalance
eth_getBlockByNumber
eth_gasPrice
eth_call

RPC request failed:
    Request: EthCall(WithOtherFields { inner: TransactionRequest { from: None, to: Some(Call(0x5fbdb2315678afecb367f032d93f642f64180aa3)), gas_price: None, max_fee_per_gas: None, max_priority_fee_per_gas: None, max_fee_per_blob_gas: None, gas: None, value: None, input: TransactionInput { input: None, data: Some(0x01ffc9a780ac58cd00000000000000000000000000000000000000000000000000000000) }, nonce: None, chain_id: None, access_list: None, transaction_type: None, blob_versioned_hashes: None, sidecar: None, authorization_list: None }, other: OtherFields {} }, Some(0x10), None, None)
    Error: Execution error: execution reverted

eth_call

RPC request failed:
    Request: EthCall(WithOtherFields { inner: TransactionRequest { from: None, to: Some(Call(0x5fbdb2315678afecb367f032d93f642f64180aa3)), gas_price: None, max_fee_per_gas: None, max_priority_fee_per_gas: None, max_fee_per_blob_gas: None, gas: None, value: None, input: TransactionInput { input: None, data: Some(0x01ffc9a7d9b67a2600000000000000000000000000000000000000000000000000000000) }, nonce: None, chain_id: None, access_list: None, transaction_type: None, blob_versioned_hashes: None, sidecar: None, authorization_list: None }, other: OtherFields {} }, Some(0x10), None, None)
    Error: Execution error: execution reverted

eth_call

RPC request failed:
    Request: EthCall(WithOtherFields { inner: TransactionRequest { from: None, to: Some(Call(0x5fbdb2315678afecb367f032d93f642f64180aa3)), gas_price: None, max_fee_per_gas: None, max_priority_fee_per_gas: None, max_fee_per_blob_gas: None, gas: None, value: None, input: TransactionInput { input: None, data: Some(0x01ffc9a780ac58cd00000000000000000000000000000000000000000000000000000000) }, nonce: None, chain_id: None, access_list: None, transaction_type: None, blob_versioned_hashes: None, sidecar: None, authorization_list: None }, other: OtherFields {} }, Some(0x10), None, None)
    Error: Execution error: execution reverted

eth_call
eth_call
eth_call
eth_call

RPC request failed:
    Request: EthCall(WithOtherFields { inner: TransactionRequest { from: None, to: Some(Call(0x5fbdb2315678afecb367f032d93f642f64180aa3)), gas_price: None, max_fee_per_gas: None, max_priority_fee_per_gas: None, max_fee_per_blob_gas: None, gas: None, value: None, input: TransactionInput { input: None, data: Some(0x01ffc9a7d9b67a2600000000000000000000000000000000000000000000000000000000) }, nonce: None, chain_id: None, access_list: None, transaction_type: None, blob_versioned_hashes: None, sidecar: None, authorization_list: None }, other: OtherFields {} }, Some(0x10), None, None)
    Error: Execution error: execution reverted

eth_blockNumber
eth_call

RPC request failed:
    Request: EthCall(WithOtherFields { inner: TransactionRequest { from: None, to: Some(Call(0x5fbdb2315678afecb367f032d93f642f64180aa3)), gas_price: None, max_fee_per_gas: None, max_priority_fee_per_gas: None, max_fee_per_blob_gas: None, gas: None, value: None, input: TransactionInput { input: None, data: Some(0x01ffc9a780ac58cd00000000000000000000000000000000000000000000000000000000) }, nonce: None, chain_id: None, access_list: None, transaction_type: None, blob_versioned_hashes: None, sidecar: None, authorization_list: None }, other: OtherFields {} }, Some(0x10), None, None)
    Error: Execution error: execution reverted

eth_call

RPC request failed:
    Request: EthCall(WithOtherFields { inner: TransactionRequest { from: None, to: Some(Call(0x5fbdb2315678afecb367f032d93f642f64180aa3)), gas_price: None, max_fee_per_gas: None, max_priority_fee_per_gas: None, max_fee_per_blob_gas: None, gas: None, value: None, input: TransactionInput { input: None, data: Some(0x01ffc9a7d9b67a2600000000000000000000000000000000000000000000000000000000) }, nonce: None, chain_id: None, access_list: None, transaction_type: None, blob_versioned_hashes: None, sidecar: None, authorization_list: None }, other: OtherFields {} }, Some(0x10), None, None)
    Error: Execution error: execution reverted

eth_call

RPC request failed:
    Request: EthCall(WithOtherFields { inner: TransactionRequest { from: None, to: Some(Call(0x5fbdb2315678afecb367f032d93f642f64180aa3)), gas_price: None, max_fee_per_gas: None, max_priority_fee_per_gas: None, max_fee_per_blob_gas: None, gas: None, value: None, input: TransactionInput { input: None, data: Some(0x01ffc9a780ac58cd00000000000000000000000000000000000000000000000000000000) }, nonce: None, chain_id: None, access_list: None, transaction_type: None, blob_versioned_hashes: None, sidecar: None, authorization_list: None }, other: OtherFields {} }, Some(0x10), None, None)
    Error: Execution error: execution reverted

eth_call

RPC request failed:
    Request: EthCall(WithOtherFields { inner: TransactionRequest { from: None, to: Some(Call(0x5fbdb2315678afecb367f032d93f642f64180aa3)), gas_price: None, max_fee_per_gas: None, max_priority_fee_per_gas: None, max_fee_per_blob_gas: None, gas: None, value: None, input: TransactionInput { input: None, data: Some(0x01ffc9a7d9b67a2600000000000000000000000000000000000000000000000000000000) }, nonce: None, chain_id: None, access_list: None, transaction_type: None, blob_versioned_hashes: None, sidecar: None, authorization_list: None }, other: OtherFields {} }, Some(0x10), None, None)
    Error: Execution error: execution reverted

eth_getTransactionReceipt
eth_call

RPC request failed:
    Request: EthCall(WithOtherFields { inner: TransactionRequest { from: None, to: Some(Call(0x5fbdb2315678afecb367f032d93f642f64180aa3)), gas_price: None, max_fee_per_gas: None, max_priority_fee_per_gas: None, max_fee_per_blob_gas: None, gas: None, value: None, input: TransactionInput { input: None, data: Some(0x01ffc9a780ac58cd00000000000000000000000000000000000000000000000000000000) }, nonce: None, chain_id: None, access_list: None, transaction_type: None, blob_versioned_hashes: None, sidecar: None, authorization_list: None }, other: OtherFields {} }, Some(0x10), None, None)
    Error: Execution error: execution reverted

eth_getBlockByHash
eth_call

RPC request failed:
    Request: EthCall(WithOtherFields { inner: TransactionRequest { from: None, to: Some(Call(0x5fbdb2315678afecb367f032d93f642f64180aa3)), gas_price: None, max_fee_per_gas: None, max_priority_fee_per_gas: None, max_fee_per_blob_gas: None, gas: None, value: None, input: TransactionInput { input: None, data: Some(0x01ffc9a7d9b67a2600000000000000000000000000000000000000000000000000000000) }, nonce: None, chain_id: None, access_list: None, transaction_type: None, blob_versioned_hashes: None, sidecar: None, authorization_list: None }, other: OtherFields {} }, Some(0x10), None, None)
    Error: Execution error: execution reverted

eth_call
eth_call

RPC request failed:
    Request: EthCall(WithOtherFields { inner: TransactionRequest { from: None, to: Some(Call(0xcf7ed3acca5a467e9e704c703e8d87f634fb0fc9)), gas_price: None, max_fee_per_gas: None, max_priority_fee_per_gas: None, max_fee_per_blob_gas: None, gas: None, value: None, input: TransactionInput { input: None, data: Some(0x01ffc9a780ac58cd00000000000000000000000000000000000000000000000000000000) }, nonce: None, chain_id: None, access_list: None, transaction_type: None, blob_versioned_hashes: None, sidecar: None, authorization_list: None }, other: OtherFields {} }, Some(0x10), None, None)
    Error: Execution error: execution reverted

eth_call
eth_call

RPC request failed:
    Request: EthCall(WithOtherFields { inner: TransactionRequest { from: None, to: Some(Call(0xcf7ed3acca5a467e9e704c703e8d87f634fb0fc9)), gas_price: None, max_fee_per_gas: None, max_priority_fee_per_gas: None, max_fee_per_blob_gas: None, gas: None, value: None, input: TransactionInput { input: None, data: Some(0x01ffc9a7d9b67a2600000000000000000000000000000000000000000000000000000000) }, nonce: None, chain_id: None, access_list: None, transaction_type: None, blob_versioned_hashes: None, sidecar: None, authorization_list: None }, other: OtherFields {} }, Some(0x10), None, None)
    Error: Execution error: execution reverted

eth_call
eth_call
eth_call
eth_call
eth_blockNumber
eth_getCode
eth_getCode
eth_estimateGas
eth_call

RPC request failed:
    Request: EthCall(WithOtherFields { inner: TransactionRequest { from: None, to: Some(Call(0xcf7ed3acca5a467e9e704c703e8d87f634fb0fc9)), gas_price: None, max_fee_per_gas: None, max_priority_fee_per_gas: None, max_fee_per_blob_gas: None, gas: None, value: None, input: TransactionInput { input: None, data: Some(0x01ffc9a780ac58cd00000000000000000000000000000000000000000000000000000000) }, nonce: None, chain_id: None, access_list: None, transaction_type: None, blob_versioned_hashes: None, sidecar: None, authorization_list: None }, other: OtherFields {} }, Some(0x10), None, None)
    Error: Execution error: execution reverted

eth_call

RPC request failed:
    Request: EthCall(WithOtherFields { inner: TransactionRequest { from: None, to: Some(Call(0xcf7ed3acca5a467e9e704c703e8d87f634fb0fc9)), gas_price: None, max_fee_per_gas: None, max_priority_fee_per_gas: None, max_fee_per_blob_gas: None, gas: None, value: None, input: TransactionInput { input: None, data: Some(0x01ffc9a7d9b67a2600000000000000000000000000000000000000000000000000000000) }, nonce: None, chain_id: None, access_list: None, transaction_type: None, blob_versioned_hashes: None, sidecar: None, authorization_list: None }, other: OtherFields {} }, Some(0x10), None, None)
    Error: Execution error: execution reverted

eth_blockNumber
eth_blockNumber
eth_call

RPC request failed:
    Request: EthCall(WithOtherFields { inner: TransactionRequest { from: None, to: Some(Call(0xcf7ed3acca5a467e9e704c703e8d87f634fb0fc9)), gas_price: None, max_fee_per_gas: None, max_priority_fee_per_gas: None, max_fee_per_blob_gas: None, gas: None, value: None, input: TransactionInput { input: None, data: Some(0x01ffc9a780ac58cd00000000000000000000000000000000000000000000000000000000) }, nonce: None, chain_id: None, access_list: None, transaction_type: None, blob_versioned_hashes: None, sidecar: None, authorization_list: None }, other: OtherFields {} }, Some(0x10), None, None)
    Error: Execution error: execution reverted

eth_call

RPC request failed:
    Request: EthCall(WithOtherFields { inner: TransactionRequest { from: None, to: Some(Call(0xcf7ed3acca5a467e9e704c703e8d87f634fb0fc9)), gas_price: None, max_fee_per_gas: None, max_priority_fee_per_gas: None, max_fee_per_blob_gas: None, gas: None, value: None, input: TransactionInput { input: None, data: Some(0x01ffc9a7d9b67a2600000000000000000000000000000000000000000000000000000000) }, nonce: None, chain_id: None, access_list: None, transaction_type: None, blob_versioned_hashes: None, sidecar: None, authorization_list: None }, other: OtherFields {} }, Some(0x10), None, None)
    Error: Execution error: execution reverted

eth_call
eth_call

RPC request failed:
    Request: EthCall(WithOtherFields { inner: TransactionRequest { from: None, to: Some(Call(0xcf7ed3acca5a467e9e704c703e8d87f634fb0fc9)), gas_price: None, max_fee_per_gas: None, max_priority_fee_per_gas: None, max_fee_per_blob_gas: None, gas: None, value: None, input: TransactionInput { input: None, data: Some(0x01ffc9a780ac58cd00000000000000000000000000000000000000000000000000000000) }, nonce: None, chain_id: None, access_list: None, transaction_type: None, blob_versioned_hashes: None, sidecar: None, authorization_list: None }, other: OtherFields {} }, Some(0x10), None, None)
    Error: Execution error: execution reverted

eth_call

RPC request failed:
    Request: EthCall(WithOtherFields { inner: TransactionRequest { from: None, to: Some(Call(0xcf7ed3acca5a467e9e704c703e8d87f634fb0fc9)), gas_price: None, max_fee_per_gas: None, max_priority_fee_per_gas: None, max_fee_per_blob_gas: None, gas: None, value: None, input: TransactionInput { input: None, data: Some(0x01ffc9a7d9b67a2600000000000000000000000000000000000000000000000000000000) }, nonce: None, chain_id: None, access_list: None, transaction_type: None, blob_versioned_hashes: None, sidecar: None, authorization_list: None }, other: OtherFields {} }, Some(0x10), None, None)
    Error: Execution error: execution reverted

eth_call

RPC request failed:
    Request: EthCall(WithOtherFields { inner: TransactionRequest { from: None, to: Some(Call(0xcf7ed3acca5a467e9e704c703e8d87f634fb0fc9)), gas_price: None, max_fee_per_gas: None, max_priority_fee_per_gas: None, max_fee_per_blob_gas: None, gas: None, value: None, input: TransactionInput { input: None, data: Some(0x01ffc9a780ac58cd00000000000000000000000000000000000000000000000000000000) }, nonce: None, chain_id: None, access_list: None, transaction_type: None, blob_versioned_hashes: None, sidecar: None, authorization_list: None }, other: OtherFields {} }, Some(0x10), None, None)
    Error: Execution error: execution reverted

eth_call

RPC request failed:
    Request: EthCall(WithOtherFields { inner: TransactionRequest { from: None, to: Some(Call(0xcf7ed3acca5a467e9e704c703e8d87f634fb0fc9)), gas_price: None, max_fee_per_gas: None, max_priority_fee_per_gas: None, max_fee_per_blob_gas: None, gas: None, value: None, input: TransactionInput { input: None, data: Some(0x01ffc9a7d9b67a2600000000000000000000000000000000000000000000000000000000) }, nonce: None, chain_id: None, access_list: None, transaction_type: None, blob_versioned_hashes: None, sidecar: None, authorization_list: None }, other: OtherFields {} }, Some(0x10), None, None)
    Error: Execution error: execution reverted

eth_call

RPC request failed:
    Request: EthCall(WithOtherFields { inner: TransactionRequest { from: None, to: Some(Call(0xcf7ed3acca5a467e9e704c703e8d87f634fb0fc9)), gas_price: None, max_fee_per_gas: None, max_priority_fee_per_gas: None, max_fee_per_blob_gas: None, gas: None, value: None, input: TransactionInput { input: None, data: Some(0x01ffc9a780ac58cd00000000000000000000000000000000000000000000000000000000) }, nonce: None, chain_id: None, access_list: None, transaction_type: None, blob_versioned_hashes: None, sidecar: None, authorization_list: None }, other: OtherFields {} }, Some(0x10), None, None)
    Error: Execution error: execution reverted

eth_call

RPC request failed:
    Request: EthCall(WithOtherFields { inner: TransactionRequest { from: None, to: Some(Call(0xcf7ed3acca5a467e9e704c703e8d87f634fb0fc9)), gas_price: None, max_fee_per_gas: None, max_priority_fee_per_gas: None, max_fee_per_blob_gas: None, gas: None, value: None, input: TransactionInput { input: None, data: Some(0x01ffc9a7d9b67a2600000000000000000000000000000000000000000000000000000000) }, nonce: None, chain_id: None, access_list: None, transaction_type: None, blob_versioned_hashes: None, sidecar: None, authorization_list: None }, other: OtherFields {} }, Some(0x10), None, None)
    Error: Execution error: execution reverted

eth_blockNumber
eth_getTransactionCount
eth_sendRawTransaction

    Transaction: 0x8ee7c74e055e36283217a5ede5ab49ae3d078abc1684524f8524ebb6ef7ba3f7
    Gas used: 123935

    Block Number: 17
    Block Hash: 0x771b22ec0ae4fa159be2921b01b04f90f872462692afdeeb9ecf4c6ba4e58eed
    Block Time: "Sat, 8 Nov 2025 20:41:04 +0000"

eth_call

RPC request failed:
    Request: EthCall(WithOtherFields { inner: TransactionRequest { from: None, to: Some(Call(0xcf7ed3acca5a467e9e704c703e8d87f634fb0fc9)), gas_price: None, max_fee_per_gas: None, max_priority_fee_per_gas: None, max_fee_per_blob_gas: None, gas: None, value: None, input: TransactionInput { input: None, data: Some(0x01ffc9a780ac58cd00000000000000000000000000000000000000000000000000000000) }, nonce: None, chain_id: None, access_list: None, transaction_type: None, blob_versioned_hashes: None, sidecar: None, authorization_list: None }, other: OtherFields {} }, Some(0x10), None, None)
    Error: Execution error: execution reverted

eth_getTransactionReceipt
eth_call

RPC request failed:
    Request: EthCall(WithOtherFields { inner: TransactionRequest { from: None, to: Some(Call(0xcf7ed3acca5a467e9e704c703e8d87f634fb0fc9)), gas_price: None, max_fee_per_gas: None, max_priority_fee_per_gas: None, max_fee_per_blob_gas: None, gas: None, value: None, input: TransactionInput { input: None, data: Some(0x01ffc9a7d9b67a2600000000000000000000000000000000000000000000000000000000) }, nonce: None, chain_id: None, access_list: None, transaction_type: None, blob_versioned_hashes: None, sidecar: None, authorization_list: None }, other: OtherFields {} }, Some(0x10), None, None)
    Error: Execution error: execution reverted

eth_call
eth_call
eth_call
eth_call
eth_call
eth_call
eth_call
eth_call
eth_call
eth_call
eth_call
eth_call
eth_call
eth_call
eth_getBlockByNumber
eth_networkId
eth_call

RPC request failed:
    Request: EthCall(WithOtherFields { inner: TransactionRequest { from: None, to: Some(Call(0xcf7ed3acca5a467e9e704c703e8d87f634fb0fc9)), gas_price: None, max_fee_per_gas: None, max_priority_fee_per_gas: None, max_fee_per_blob_gas: None, gas: None, value: None, input: TransactionInput { input: None, data: Some(0x01ffc9a780ac58cd00000000000000000000000000000000000000000000000000000000) }, nonce: None, chain_id: None, access_list: None, transaction_type: None, blob_versioned_hashes: None, sidecar: None, authorization_list: None }, other: OtherFields {} }, Some(0x10), None, None)
    Error: Execution error: execution reverted

eth_call

RPC request failed:
    Request: EthCall(WithOtherFields { inner: TransactionRequest { from: None, to: Some(Call(0xcf7ed3acca5a467e9e704c703e8d87f634fb0fc9)), gas_price: None, max_fee_per_gas: None, max_priority_fee_per_gas: None, max_fee_per_blob_gas: None, gas: None, value: None, input: TransactionInput { input: None, data: Some(0x01ffc9a7d9b67a2600000000000000000000000000000000000000000000000000000000) }, nonce: None, chain_id: None, access_list: None, transaction_type: None, blob_versioned_hashes: None, sidecar: None, authorization_list: None }, other: OtherFields {} }, Some(0x10), None, None)
    Error: Execution error: execution reverted

